0.966924527336
0.259146371769
0.584011931971
0.171025352342
0.850956095189
0.360729272041
0.710156827278
0.00916579471003
0.789766299297
0.280343075586
0.358216652009
0.226481734946
0.903711512203
0.311909070394
0.293684959019
0.754538345316
0.449202108986
0.776088634278
0.0985711968668
0.719268366347
0.186724532603
0.433184213444
0.195526702827
0.834617520359
0.671378643582
0.924081850079
0.66990930882
0.14184432403
0.793786410091
0.467418004137
0.475233497113
0.687985810926
0.134283688321
0.205630823951
0.600642510472
0.00624676216125
0.310718214008
0.911429251205
0.58940410867
0.595668153584
0.383619530566
0.951132259638
0.0718008656788
0.411212060732
0.116901202733
0.380684441394
0.010922675403
0.367505329533
0.571663352864
0.673270056974
0.47516530539
0.134548994919
0.176557796538
0.663548492909
0.450464553276
0.735741555344
0.1815213183
0.483368459466
0.784610501584
0.463259876711
0.951115459798
0.908246352535
0.154954460006
0.619310030193
0.533896565558
0.465438038973
0.322312987286
0.192365194385
0.494886934477
0.827130480348
0.111158005514
0.549459537239
0.160898202783
0.393539289115
0.166090721234
0.544770142839
0.382217176144
0.0787434423355
0.917772472086
0.48162297135
0.265432403343
0.653628610906
0.653725523797
0.707448800693
0.978638533422
0.0279183375355
0.184857809491
0.798844001273
0.305894213271
0.30722525945
0.814094022649
0.133828236853
0.324366286003
0.652411990788
0.0888164949562
0.146314761465
0.0881369915052
0.317515296771
0.784895014429
0.0249606875035
0.0368961821684
0.594657580084
0.0763501698029
0.859706965681
0.868181488223
0.976492877791
0.834713934248
0.764940279643
0.193721525733
0.242589261927
0.426818186145
0.469430417218
0.946257222535
0.225245890849
0.778931181752
0.651558797422
0.385407206593
0.650326899391
0.575057138738
0.152115017001
0.245689795273
0.79895036979
0.362409534484
0.792275792765
0.018629852883
0.373106969343
0.31215020591
0.623289882945
0.280009286843
0.748489449604
0.153509570549
0.419400701294
0.918852359356
0.00793569652256
0.182361410518
0.20952497226
0.865367527573
0.433618055277
0.919756449192
0.309002965003
0.603968104394
0.23395952561
0.366318770171
0.550737416878
0.511886691441
0.975812546515
0.624648084933
0.788504568645
0.11292567165
0.35785452643
0.787818101615
0.690765320025
0.179995467077
0.715991137328
0.0936941366019
0.438625111986
0.804711819349
0.682883511284
0.615669734752
0.534796503128
0.730800859919
0.598045771166
0.722061624254
0.60296073967
0.414174958254
0.164063147436
0.554882036204
0.940204905551
0.594328326743
0.134225662944
0.271674451634
0.907066694803
0.818763692091
0.108383830925
0.69502904132
0.845497492823
0.805019020407
0.60328961098
0.110319838738
0.285995269323
0.246809549882
0.412663168132
0.347781285041
0.812607968704
0.19389717819
0.715810443579
0.408115484697
0.558979206564
0.601940015206
0.0334645496621
0.677503476022
0.262055913093
0.152734552487
0.425381168
0.376698025688
0.142973091106
0.589560579987
0.28122715786
0.670135302604
0.0923044063799
2.76706594118
2.96698139699
2.920520067
2.72041919726
2.5891486378
2.26518736189
2.62775682685
2.51637562659
2.19397499003
2.56523137759
2.1471466376
2.68946867157
2.37696796768
2.16702519583
2.43035490398
2.51957232048
2.73988274612
2.12463377778
2.05252287989
2.44351513355
2.98800044995
2.35594001595
2.92892890547
2.90004992694
2.74714513061
2.47708102981
2.03726871962
2.94169548174
2.50135808199
2.89801569347
2.43010052486
2.58110359965
2.93622083307
2.31324711174
2.49356389045
2.63265890394
2.55007159022
2.52076559493
2.9323623148
2.11401957952
2.64513353896
2.1166025834
2.73317115663
2.23605829079
2.43482556161
2.9853160279
2.14277891676
2.34759198365
2.87266060683
2.49987393672
2.82085590094
2.70822469427
2.68425984028
2.0079491362
2.02862211543
2.45931816153
2.04072398123
2.75725926292
2.98724137205
2.78448629891
2.67230079358
2.51708154827
2.39793744951
2.09333865279
2.02962992346
2.62943362273
2.21108889667
2.79661428267
2.76302767197
2.82615734553
2.95312205817
2.48913441793
2.54732944963
2.36122680505
2.67488440132
2.84270407303
2.63844128899
2.09426585031
2.26762360827
2.42922902863
2.58743890734
2.09177864615
2.67162777646
2.62543355229
2.56340574114
2.85055592135
2.06191828684
2.96859259056
2.98683567166
2.27036615171
2.459100406
2.6760241944
2.05389671067
2.74376171673
2.5128676095
2.41596788188
2.54642962253
2.88116923036
2.84502419272
2.28869382303
-2.0
-2.0
-2.0
-2.0
-2.0
-2.0
-2.0
-2.0
-2.0
-2.0
-2.0
-2.0
-2.0
-2.0
-2.0
-2.0
-2.0
-2.0
-2.0
-2.0
-2.0
-2.0
-2.0
-2.0
-2.0
-2.0
-2.0
-2.0
-2.0
-2.0
-2.0
-2.0
-2.0
-2.0
-2.0
-2.0
-2.0
-2.0
-2.0
-2.0
-2.0
-2.0
-2.0
-2.0
-2.0
-2.0
-2.0
-2.0
-2.0
-2.0
-2.0
-2.0
-2.0
-2.0
-2.0
-2.0
-2.0
-2.0
-2.0
-2.0
-2.0
-2.0
-2.0
-2.0
-2.0
-2.0
-2.0
-2.0
-2.0
-2.0
-2.0
-2.0
-2.0
-2.0
-2.0
-2.0
-2.0
-2.0
-2.0
-2.0
-2.0
-2.0
-2.0
-2.0
-2.0
-2.0
-2.0
-2.0
-2.0
-2.0
-2.0
-2.0
-2.0
-2.0
-2.0
-2.0
-2.0
-2.0
-2.0
-2.0
4.21953351129
4.54676658708
4.80266628211
4.99603719029
4.60973036024
4.86709620441
4.05501396698
4.05992054582
4.06650639411
4.24166033161
4.1936154696
4.86670463117
4.87028498154
4.12993575487
4.66761792597
4.9150325878
4.19414051518
4.41051385591
4.42292988256
4.18242948741
4.42816491649
4.28911276864
4.99939219012
4.76159454706
4.10626992826
4.71945663351
4.52144568946
4.26909381889
4.16784138383
4.2771415539
4.60273295324
4.30202639988
4.10736172492
4.71124553023
4.46151518139
4.75244774144
4.82228572213
4.98227869925
4.51448062896
4.69205332289
4.12336204587
4.4306726104
4.92056089728
4.70757538732
4.05917189948
4.65141471661
4.88988026763
4.31746239338
4.346645507
4.02640376107
4.69912726133
4.70710445738
4.64386864179
4.20319200135
4.24935614349
4.92848415716
4.40816610186
4.1480146931
4.44772112346
4.29268117567
4.71639995941
4.51099689067
4.53095783662
4.21404436148
4.84342446001
4.1914319822
4.59672238933
4.76771961519
4.43688621132
4.70594655612
4.5242658388
4.84044729009
4.66327261904
4.4598814443
4.39174017849
4.86874930483
4.75676659696
4.41027625407
4.49870469556
4.50912420006
4.74061141421
4.37014209118
4.95032602436
4.50503390466
4.88835432997
4.04160967234
4.73892862275
4.18853386225
4.2526398611
4.36937174112
4.11254355327
4.39013842347
4.14320132035
4.78424812124
4.61595498926
4.33999545342
4.10912876921
4.51068211234
4.71158088739
4.08064478982
2.01134049821
2.2043223511
2.39757000009
2.27232434758
2.77832916441
2.58213830419
2.42409532541
2.03154232984
2.9970988643
2.21455175605
2.37623239861
2.81009269314
2.78126525788
2.40700216852
2.90257144685
2.32404041772
2.31793991063
2.73550350131
2.51319238438
2.42285525291
2.18195890294
2.08737560938
2.57504130438
2.17534150854
2.91185943886
2.32794921187
2.57552762869
2.74693901851
2.56998544823
2.22242755788
2.3558831035
2.36190260657
2.70216796329
2.8131515769
2.19870834735
2.25132739092
2.50245607661
2.1821243528
2.17751466807
2.90567582877
2.97011124087
2.66341280619
2.84623924143
2.97046424684
2.74586244457
2.06640943648
2.90982520747
2.05837049157
2.1095247543
2.76419953241
2.46558483091
2.07482228373
2.78905697018
2.94231887427
2.11081939864
2.9241832181
2.94661561589
2.23858434892
2.33490902446
2.41627286029
2.97571948478
2.34325044083
2.17178948905
2.93218518205
2.26575155545
2.23135764537
2.42651079992
2.2591454076
2.66987000604
2.9311388035
2.45024853231
2.96855923708
2.63234555355
2.65893098491
2.46728346461
2.56538368957
2.84825052088
2.64858677553
2.42962540735
2.3126970691
2.05140448231
2.32198732998
2.82623174178
2.96583431681
2.74595548769
2.42621585127
2.95715920588
2.66762913235
2.0972189718
2.70189649484
2.78859503367
2.3181613471
2.46756285264
2.97162441052
2.91848248423
2.82240332211
2.87376878443
2.8632731462
2.05715801258
2.36629501887
0.901144125459
0.749530936325
1.97451094345
0.686251741426
1.45807709789
1.9122020485
0.512618277033
0.139342904999
1.71274221238
1.63088173834
1.90545829288
1.50789841212
1.16914761058
0.088385717075
1.75149754619
1.67562721479
1.02909291322
0.468687678442
0.275403010785
1.61657060543
1.84434877711
0.0743878285111
1.58615779222
1.12606155119
0.714958095327
0.39788378675
0.153766688643
1.43735597654
0.773944502576
0.119144929305
0.00375265552784
0.172633293962
1.14934614428
1.54481081107
1.99380599299
0.161371224164
1.93891450836
0.585798281977
1.38942376131
1.22449352021
0.111399411983
1.98374184271
1.00711471351
0.992472238975
0.406581333707
0.78884449957
0.276756820395
1.02647966278
0.0606493941819
1.40407263158
1.80531191885
1.71803925057
1.13517324317
1.60396196697
1.64256274829
1.26726206092
0.173467519217
0.130703395104
0.492029854237
0.294537267827
0.442744541058
1.73686484992
1.20767519156
0.0432110394946
0.261975934166
1.89767719073
0.958310775824
1.46267266409
0.475421581638
0.970779446752
0.47489534147
0.267467404795
1.61299538575
0.610649079008
1.27435624471
1.17059487975
0.848597892644
0.209435317549
0.288729826668
0.13320336028
0.30864546352
1.92389787943
1.10678541001
1.53705679274
0.221106436475
0.812109165153
1.49508856071
1.87138180338
1.91874427649
0.697029896115
0.365457518915
1.92082063856
0.191107055421
1.5001220035
0.669488317463
1.03058514312
0.176583689561
0.480683646981
0.109737536005
0.320178204726
0.344137951012
0.878255720797
1.96686142646
1.37740289297
0.962201638848
0.813079979191
0.713669804499
1.33396209211
1.28664763728
1.08442754136
1.55911774115
0.256966354489
0.243292304445
0.557909084271
1.07411049034
1.21759702155
1.24496362918
0.751715697302
1.53383874836
1.38665246247
0.484864270969
0.47618522953
0.839348031971
0.92618953234
0.608154826851
1.00384533715
0.582212148756
0.709509512053
0.523010437069
1.19783691881
0.981306093689
1.32768847758
1.21378702092
1.93487557324
0.765841293506
0.871112489983
1.15818973122
1.20276115667
0.729329971422
0.988907833076
0.426674153201
1.25209413372
0.612256240524
0.43401214613
0.371993005002
0.724013125809
1.58495519846
0.238993992478
1.04840181588
1.45144003432
0.624656670501
1.29919485332
0.631495305343
1.46454294851
1.93803079845
0.692515367868
0.922875638623
0.544563530889
0.753952184785
1.13684599034
0.957495647108
0.749292728642
0.807449373259
1.44054596721
0.480615246545
0.873738847248
1.01034551706
0.682171243396
0.934168068508
0.315783951361
0.641910512154
0.637816326949
0.995992420814
0.795394766403
1.07442036773
0.399828771222
0.573780385526
0.697568060547
0.995006961372
1.08548487217
1.23053414536
1.21583657538
0.903826617581
0.961668956049
0.732402902056
1.49933667227
1.11592222982
1.30263395775
0.675832290599
0.936352218292
1.8245385855
0.685078455364
0.825444662458
1.0053700332
0.69889118899
0.897424768009
1.25927121381
1.05478573731
1.33990826261
0.994076143097
0.0
0.0
0.0
0.0
0.0
0.0
0.0
0.0
0.0
0.0
0.0
0.0
0.0
0.0
0.0
0.0
0.0
0.0
0.0
0.0
0.0
0.0
0.0
0.0
0.0
0.0
0.0
0.0
0.0
0.0
0.0
0.0
0.0
0.0
0.0
0.0
0.0
0.0
0.0
0.0
0.0
0.0
0.0
0.0
0.0
0.0
0.0
0.0
0.0
0.0
0.0
0.0
0.0
0.0
0.0
0.0
0.0
0.0
0.0
0.0
0.0
0.0
0.0
0.0
0.0
0.0
0.0
0.0
0.0
0.0
0.0
0.0
0.0
0.0
0.0
0.0
0.0
0.0
0.0
0.0
0.0
0.0
0.0
0.0
0.0
0.0
0.0
0.0
0.0
0.0
0.0
0.0
0.0
0.0
0.0
0.0
0.0
0.0
0.0
0.0
2.39339056266
2.60621692394
2.21301056266
2.1720593415
2.19276501816
2.10807521869
2.33432730011
2.16356979324
2.83645191301
2.07562316703
2.09746581086
2.14094869724
2.98563050997
2.23291390215
2.95211176464
2.83881992198
2.5172933981
2.32045538497
2.91998708876
2.38317720521
2.63588550477
2.2601893877
2.50522450386
2.11663177836
2.0132490485
2.29832742618
2.40677977252
2.2111333767
2.01563459527
2.36587731197
2.27005310478
2.55549158335
2.19889166139
2.90029313573
2.22270702857
2.72936176345
2.70729718306
2.38386907483
2.97678713715
2.60271377531
2.45343496911
2.53040744685
2.92720136196
2.92862221347
2.09979568403
2.24581594492
2.6436942873
2.9321271425
2.40479844699
2.33703100454
2.77259775389
2.02454366916
2.48349905868
2.40968683979
2.84922001324
2.98096207887
2.05948318009
2.19043626505
2.12469332452
2.96673698805
2.25992648056
2.77299787871
2.07507307162
2.68991681421
2.33283634553
2.87730703349
2.84116443723
2.48773761377
2.15871852947
2.70242037624
2.40090291333
2.00186090776
2.01630956103
2.4850265225
2.39254799593
2.60487014776
2.05217789222
2.15295888671
2.32222789978
2.6905806573
2.32500365396
2.80584317788
2.22939744854
2.0095700507
2.78469150484
2.73780968123
2.95559656034
2.77150639912
2.36162260975
2.70460294517
2.49923485447
2.31073155428
2.69558372155
2.11813183154
2.87965857073
2.60198103195
2.39114680902
2.21393347313
2.93836027941
2.20878771805
